<?xml version="1.0" encoding="UTF-8"?>
<!-- Generated by org.testng.reporters.JUnitReportReporter -->
<testsuite hostname="DESKTOP-BBS5QUB" failures="0" tests="3" name="TestCases.NewTestChrome" time="15.369" errors="0" timestamp="2021-01-09T00:38:02 CST" skipped="0">
  <testcase classname="TestCases.NewTestChrome" name="testOne" time="2.883"/>
  <testcase classname="TestCases.NewTestChrome" name="testTwo" time="3.841"/>
  <testcase classname="TestCases.NewTestChrome" name="testThree" time="8.645"/>
</testsuite> <!-- TestCases.NewTestChrome -->
