<?xml version="1.0" encoding="UTF-8"?>
<!-- Generated by org.testng.reporters.JUnitReportReporter -->
<testsuite hostname="DESKTOP-BBS5QUB" failures="0" tests="2" name="TestCases.NewTestFireFox" time="17.658" errors="0" timestamp="2021-01-09T00:38:02 CST" skipped="0">
  <testcase classname="TestCases.NewTestFireFox" name="testOne" time="5.458"/>
  <testcase classname="TestCases.NewTestFireFox" name="testTwo" time="12.200"/>
</testsuite> <!-- TestCases.NewTestFireFox -->
