<?xml version="1.0" encoding="UTF-8"?>
<!-- Generated by org.testng.reporters.JUnitReportReporter -->
<testsuite hostname="DESKTOP-BBS5QUB" failures="0" tests="3" name="TestCases.NewTest" time="24.266" errors="0" timestamp="2020-12-25T22:05:10 CST" skipped="0">
  <testcase classname="TestCases.NewTest" name="testOne" time="3.533"/>
  <testcase classname="TestCases.NewTest" name="testTwo" time="9.726"/>
  <testcase classname="TestCases.NewTest" name="testThree" time="11.007"/>
</testsuite> <!-- TestCases.NewTest -->
